Flow report for pacman
Thu May 06 20:33:33 2021
Quartus Prime Version 18.1.0 Build 625 09/12/2018 SJ Lite Edition


---------------------
; Table of Contents ;
---------------------
  1. Legal Notice
  2. Flow Summary
  3. Flow Settings
  4. Flow Non-Default Global Settings
  5. Flow Elapsed Time
  6. Flow OS Summary
  7. Flow Log
  8. Flow Messages
  9. Flow Suppressed Messages



----------------
; Legal Notice ;
----------------
Copyright (C) 2018  Intel Corporation. All rights reserved.
Your use of Intel Corporation's design tools, logic functions 
and other software and tools, and its AMPP partner logic 
functions, and any output files from any of the foregoing 
(including device programming or simulation files), and any 
associated documentation or information are expressly subject 
to the terms and conditions of the Intel Program License 
Subscription Agreement, the Intel Quartus Prime License Agreement,
the Intel FPGA IP License Agreement, or other applicable license
agreement, including, without limitation, that your use is for
the sole purpose of programming logic devices manufactured by
Intel and sold by Intel or its authorized distributors.  Please
refer to the applicable agreement for further details.



+----------------------------------------------------------------------------------+
; Flow Summary                                                                     ;
+------------------------------------+---------------------------------------------+
; Flow Status                        ; Successful - Thu May 06 20:32:53 2021       ;
; Quartus Prime Version              ; 18.1.0 Build 625 09/12/2018 SJ Lite Edition ;
; Revision Name                      ; pacman                                      ;
; Top-level Entity Name              ; pacman                                      ;
; Family                             ; MAX 10                                      ;
; Device                             ; 10M50DAF484C7G                              ;
; Timing Models                      ; Final                                       ;
; Total logic elements               ; 17,662 / 49,760 ( 35 % )                    ;
;     Total combinational functions  ; 12,314 / 49,760 ( 25 % )                    ;
;     Dedicated logic registers      ; 12,135 / 49,760 ( 24 % )                    ;
; Total registers                    ; 12204                                       ;
; Total pins                         ; 141 / 360 ( 39 % )                          ;
; Total virtual pins                 ; 0                                           ;
; Total memory bits                  ; 44,032 / 1,677,312 ( 3 % )                  ;
; Embedded Multiplier 9-bit elements ; 0 / 288 ( 0 % )                             ;
; Total PLLs                         ; 1 / 4 ( 25 % )                              ;
; UFM blocks                         ; 0 / 1 ( 0 % )                               ;
; ADC blocks                         ; 0 / 2 ( 0 % )                               ;
+------------------------------------+---------------------------------------------+


+-----------------------------------------+
; Flow Settings                           ;
+-------------------+---------------------+
; Option            ; Setting             ;
+-------------------+---------------------+
; Start date & time ; 05/06/2021 20:25:26 ;
; Main task         ; Compilation         ;
; Revision Name     ; pacman              ;
+-------------------+---------------------+


+-----------------------------------------------------------------------------------------------------------------------------------------------------+
; Flow Non-Default Global Settings                                                                                                                    ;
+-------------------------------------+--------------------------------------------------------------+---------------+-------------------+------------+
; Assignment Name                     ; Value                                                        ; Default Value ; Entity Name       ; Section Id ;
+-------------------------------------+--------------------------------------------------------------+---------------+-------------------+------------+
; COMPILER_SIGNATURE_ID               ; 168119032599488.162035072519652                              ; --            ; --                ; --         ;
; MAX_CORE_JUNCTION_TEMP              ; 85                                                           ; --            ; --                ; --         ;
; MIN_CORE_JUNCTION_TEMP              ; 0                                                            ; --            ; --                ; --         ;
; MISC_FILE                           ; pacman_soc/synthesis/../pacman_soc.cmp                       ; --            ; --                ; --         ;
; MISC_FILE                           ; pacman_soc/synthesis/../../pacman_soc.qsys                   ; --            ; --                ; --         ;
; OUTPUT_IO_TIMING_FAR_END_VMEAS      ; Half Signal Swing                                            ; --            ; --                ; --         ;
; OUTPUT_IO_TIMING_FAR_END_VMEAS      ; Half Signal Swing                                            ; --            ; --                ; --         ;
; OUTPUT_IO_TIMING_NEAR_END_VMEAS     ; Half Vccio                                                   ; --            ; --                ; --         ;
; OUTPUT_IO_TIMING_NEAR_END_VMEAS     ; Half Vccio                                                   ; --            ; --                ; --         ;
; PARTITION_COLOR                     ; -- (Not supported for targeted family)                       ; --            ; DE10_LITE_Default ; Top        ;
; PARTITION_COLOR                     ; -- (Not supported for targeted family)                       ; --            ; --                ; Top        ;
; PARTITION_FITTER_PRESERVATION_LEVEL ; -- (Not supported for targeted family)                       ; --            ; DE10_LITE_Default ; Top        ;
; PARTITION_FITTER_PRESERVATION_LEVEL ; -- (Not supported for targeted family)                       ; --            ; --                ; Top        ;
; PARTITION_NETLIST_TYPE              ; -- (Not supported for targeted family)                       ; --            ; DE10_LITE_Default ; Top        ;
; PARTITION_NETLIST_TYPE              ; -- (Not supported for targeted family)                       ; --            ; --                ; Top        ;
; POWER_BOARD_THERMAL_MODEL           ; None (CONSERVATIVE)                                          ; --            ; --                ; --         ;
; POWER_PRESET_COOLING_SOLUTION       ; 23 MM HEAT SINK WITH 200 LFPM AIRFLOW                        ; --            ; --                ; --         ;
; PROJECT_OUTPUT_DIRECTORY            ; output_files                                                 ; --            ; --                ; --         ;
; SLD_FILE                            ; pacman_soc/synthesis/pacman_soc.regmap                       ; --            ; --                ; --         ;
; SLD_FILE                            ; pacman_soc/synthesis/pacman_soc.debuginfo                    ; --            ; --                ; --         ;
; SLD_INFO                            ; QSYS_NAME pacman_soc HAS_SOPCINFO 1 GENERATION_ID 1620348625 ; --            ; pacman_soc        ; --         ;
; SOPCINFO_FILE                       ; pacman_soc/synthesis/../../pacman_soc.sopcinfo               ; --            ; --                ; --         ;
; SYNTHESIS_ONLY_QIP                  ; On                                                           ; --            ; --                ; --         ;
+-------------------------------------+--------------------------------------------------------------+---------------+-------------------+------------+


+--------------------------------------------------------------------------------------------------------------------------+
; Flow Elapsed Time                                                                                                        ;
+----------------------+--------------+-------------------------+---------------------+------------------------------------+
; Module Name          ; Elapsed Time ; Average Processors Used ; Peak Virtual Memory ; Total CPU Time (on all processors) ;
+----------------------+--------------+-------------------------+---------------------+------------------------------------+
; Analysis & Synthesis ; 00:03:22     ; 1.0                     ; 5024 MB             ; 00:03:53                           ;
; Fitter               ; 00:03:29     ; 1.5                     ; 5827 MB             ; 00:05:56                           ;
; Assembler            ; 00:00:10     ; 1.0                     ; 4738 MB             ; 00:00:09                           ;
; Timing Analyzer      ; 00:00:38     ; 2.3                     ; 5001 MB             ; 00:01:10                           ;
; Total                ; 00:07:39     ; --                      ; --                  ; 00:11:08                           ;
+----------------------+--------------+-------------------------+---------------------+------------------------------------+


+------------------------------------------------------------------------------------+
; Flow OS Summary                                                                    ;
+----------------------+------------------+------------+------------+----------------+
; Module Name          ; Machine Hostname ; OS Name    ; OS Version ; Processor type ;
+----------------------+------------------+------------+------------+----------------+
; Analysis & Synthesis ; Dell-Ryzen3      ; Windows 10 ; 10.0       ; x86_64         ;
; Fitter               ; Dell-Ryzen3      ; Windows 10 ; 10.0       ; x86_64         ;
; Assembler            ; Dell-Ryzen3      ; Windows 10 ; 10.0       ; x86_64         ;
; Timing Analyzer      ; Dell-Ryzen3      ; Windows 10 ; 10.0       ; x86_64         ;
+----------------------+------------------+------------+------------+----------------+


------------
; Flow Log ;
------------
quartus_map --read_settings_files=on --write_settings_files=off pacman -c pacman
quartus_fit --read_settings_files=off --write_settings_files=off pacman -c pacman
quartus_asm --read_settings_files=off --write_settings_files=off pacman -c pacman
quartus_sta pacman -c pacman



